<?xml version='1.0' encoding='UTF-8'?>
<testsuite hostname="knoldus-Vostro-3500" name="ApiPerform" tests="1" errors="0" failures="1" skipped="0" time="24897.44" timestamp="2023-05-19T15:57:23">
          <properties>
      <property name="awt.toolkit" value="sun.awt.X11.XToolkit"/><property name="java.specification.version" value="11"/><property name="sun.cpu.isalist" value=""/><property name="sun.jnu.encoding" value="UTF-8"/><property name="sun.arch.data.model" value="64"/><property name="sbt.supershell" value="false"/><property name="java.vendor.url" value="https://aws.amazon.com/corretto/"/><property name="sun.boot.library.path" value="/home/knoldus/.jdks/corretto-11.0.19/lib"/><property name="sun.java.command" value="/home/knoldus/.local/share/JetBrains/IdeaIC2023.1/Scala/launcher/sbt-launch.jar early(addPluginSbtFile=&quot;&quot;&quot;/tmp/idea.sbt&quot;&quot;&quot;) ; set ideaPort in Global := 32927 ; idea-shell"/><property name="jdk.debug" value="release"/><property name="java.specification.vendor" value="Oracle Corporation"/><property name="java.version.date" value="2023-04-18"/><property name="java.home" value="/home/knoldus/.jdks/corretto-11.0.19"/><property name="file.separator" value="/"/><property name="java.vm.compressedOopsMode" value="32-bit"/><property name="line.separator" value="
"/><property name="java.specification.name" value="Java Platform API Specification"/><property name="java.vm.specification.vendor" value="Oracle Corporation"/><property name="idea.installation.dir" value="/snap/intellij-idea-community/434"/><property name="sun.management.compiler" value="HotSpot 64-Bit Tiered Compilers"/><property name="java.runtime.version" value="11.0.19+7-LTS"/><property name="user.name" value="knoldus"/><property name="log4j.ignoreTCL" value="true"/><property name="file.encoding" value="UTF-8"/><property name="jnidispatch.path" value="/home/knoldus/.cache/JNA/temp/jna1902541672286534382.tmp"/><property name="java.vendor.version" value="Corretto-11.0.19.7.1"/><property name="jna.loaded" value="true"/><property name="java.io.tmpdir" value="/tmp"/><property name="java.version" value="11.0.19"/><property name="java.vm.specification.name" value="Java Virtual Machine Specification"/><property name="java.awt.printerjob" value="sun.print.PSPrinterJob"/><property name="sun.os.patch.level" value="unknown"/><property name="java.library.path" value="/usr/java/packages/lib:/usr/lib64:/lib64:/lib:/usr/lib"/><property name="java.vendor" value="Amazon.com Inc."/><property name="sun.io.unicode.encoding" value="UnicodeLittle"/><property name="sun.desktop" value="gnome"/><property name="java.class.path" value="/home/knoldus/.local/share/JetBrains/IdeaIC2023.1/Scala/launcher/sbt-launch.jar"/><property name="java.vm.vendor" value="Amazon.com Inc."/><property name="jline.shutdownhook" value="false"/><property name="user.timezone" value="Asia/Kolkata"/><property name="os.name" value="Linux"/><property name="java.vm.specification.version" value="11"/><property name="sun.java.launcher" value="SUN_STANDARD"/><property name="user.country" value="IN"/><property name="sun.cpu.endian" value="little"/><property name="user.home" value="/home/knoldus"/><property name="user.language" value="en"/><property name="swoval.tmpdir" value="/home/knoldus/.sbt/1.0"/><property name="java.awt.graphicsenv" value="sun.awt.X11GraphicsEnvironment"/><property name="jline.esc.timeout" value="0"/><property name="path.separator" value=":"/><property name="os.version" value="5.19.0-41-generic"/><property name="jna.nosys" value="true"/><property name="java.runtime.name" value="OpenJDK Runtime Environment"/><property name="java.vm.name" value="OpenJDK 64-Bit Server VM"/><property name="jna.platform.library.path" value="/usr/lib/x86_64-linux-gnu:/lib/x86_64-linux-gnu:/usr/lib64:/lib64:/usr/lib:/lib:/lib/i386-linux-gnu:/usr/lib/x86_64-linux-gnu/libfakeroot"/><property name="java.vendor.url.bug" value="https://github.com/corretto/corretto-11/issues/"/><property name="user.dir" value="/home/knoldus/Continious_Testing_with_CI/Github_Actions_Assignment_3/GitHub_Actions_Assignment_1/SBT_Project"/><property name="os.arch" value="amd64"/><property name="idea.managed" value="true"/><property name="java.vm.info" value="mixed mode"/><property name="java.vm.version" value="11.0.19+7-LTS"/><property name="java.class.version" value="55.0"/>
    </properties>
          <testcase classname="ApiPerform" name="" time="24897.44">
                      <failure message="No Exception or message provided"/>
                    </testcase>
          <system-out><![CDATA[]]></system-out>
          <system-err><![CDATA[]]></system-err>
        </testsuite>